#
# A fatal error has been detected by the Java Runtime Environment:
#
#  EXCEPTION_ACCESS_VIOLATION (0xc0000005) at pc=0x0000000052f88461, pid=9052, tid=7668
#
# JRE version: Java(TM) SE Runtime Environment (8.0_51-b16) (build 1.8.0_51-b16)
# Java VM: Java HotSpot(TM) 64-Bit Server VM (25.51-b03 mixed mode windows-amd64 compressed oops)
# Problematic frame:
# C  [atio6axx.dll+0xbb8461]
#
# Failed to write core dump. Minidumps are not enabled by default on client versions of Windows
#
# If you would like to submit a bug report, please visit:
#   http://bugreport.java.com/bugreport/crash.jsp
# The crash happened outside the Java Virtual Machine in native code.
# See problematic frame for where to report the bug.
#

---------------  T H R E A D  ---------------

Current thread (0x0000000017b8f800):  JavaThread "jME3 Main" [_thread_in_native, id=7668, stack(0x0000000019f90000,0x000000001a090000)]

siginfo: ExceptionCode=0xc0000005, reading address 0x0000000000000000

Registers:
RAX=0x0000000022e90040, RBX=0x0000000022e904a0, RCX=0x0000000000000000, RDX=0x000000001c868080
RSP=0x000000001a08e000, RBP=0x000000001c868080, RSI=0x0000000022d9a270, RDI=0x00000000001ec300
R8 =0x0000000000000000, R9 =0x0000025403c20006, R10=0x0000000022eaf6d0, R11=0x000000001ce5a8d0
R12=0x000000001c868080, R13=0x000000001b3db1b0, R14=0x0000000000000000, R15=0x000000000052fee0
RIP=0x0000000052f88461, EFLAGS=0x0000000000010246

Top of Stack: (sp=0x000000001a08e000)
0x000000001a08e000:   0000000022e8fec0 0000000000002378
0x000000001a08e010:   0000000000000000 0000000053442664
0x000000001a08e020:   000000001c868080 0000000052f881b0
0x000000001a08e030:   0000000022e3c700 000000001ca9cee0
0x000000001a08e040:   0000000022f27020 0000000000200000
0x000000001a08e050:   000000001c868080 0000000052f42935
0x000000001a08e060:   0000000000000000 0000000000000002
0x000000001a08e070:   0000000022f27020 000000001c9bb180
0x000000001a08e080:   000000003f4ccccd 0000000000000000
0x000000001a08e090:   000000001c868080 0000000052f42c11
0x000000001a08e0a0:   0000000000000002 0000000022f27020
0x000000001a08e0b0:   0000000000000002 000000001a08e0f0
0x000000001a08e0c0:   0000000022f27020 0000000052f0ad31
0x000000001a08e0d0:   0000000100000000 0000000000000002
0x000000001a08e0e0:   000000003f4ccccd 0000000000000000
0x000000001a08e0f0:   000000001b3db1b0 000000001c868080 

Instructions: (pc=0x0000000052f88461)
0x0000000052f88441:   74 36 66 66 66 66 66 0f 1f 84 00 00 00 00 00 48
0x0000000052f88451:   8b 33 48 8b 5b 08 45 33 c0 48 8b 4e 20 48 8b d5
0x0000000052f88461:   48 8b 01 ff 10 85 c0 74 0a 48 8b 46 18 8b 48 08
0x0000000052f88471:   48 03 f9 48 85 db 75 d7 49 8d 04 3e eb 0c 4c 8b 


Register to memory mapping:

RAX=0x0000000022e90040 is an unknown value
RBX=0x0000000022e904a0 is an unknown value
RCX=0x0000000000000000 is an unknown value
RDX=0x000000001c868080 is an unknown value
RSP=0x000000001a08e000 is pointing into the stack for thread: 0x0000000017b8f800
RBP=0x000000001c868080 is an unknown value
RSI=0x0000000022d9a270 is an unknown value
RDI=0x00000000001ec300 is an unknown value
R8 =0x0000000000000000 is an unknown value
R9 =0x0000025403c20006 is an unknown value
R10=0x0000000022eaf6d0 is an unknown value
R11=0x000000001ce5a8d0 is an unknown value
R12=0x000000001c868080 is an unknown value
R13=0x000000001b3db1b0 is an unknown value
R14=0x0000000000000000 is an unknown value
R15=0x000000000052fee0 is an unknown value


Stack: [0x0000000019f90000,0x000000001a090000],  sp=0x000000001a08e000,  free space=1016k
Native frames: (J=compiled Java code, j=interpreted, Vv=VM code, C=native code)
C  [atio6axx.dll+0xbb8461]
C  [atio6axx.dll+0xbb81b0]
C  [atio6axx.dll+0xb72935]
C  [atio6axx.dll+0xb72c11]
C  [atio6axx.dll+0xb7377e]
C  [atio6axx.dll+0xb7312b]
C  [atio6axx.dll+0xb22e34]
C  [atio6axx.dll+0xb23fae]
C  [atio6axx.dll+0xb26c76]
C  [atio6axx.dll+0xb32520]
C  [atio6axx.dll+0xb6271d]
C  [atio6axx.dll+0xb661ac]
C  [atio6axx.dll+0xb15344]
C  [atio6axx.dll+0x1d4d51]
C  [atio6axx.dll+0x726e1c]
C  0x0000000002753b54

Java frames: (J=compiled Java code, j=interpreted, Vv=VM code)
j  org.lwjgl.opengl.GL30.nglCheckFramebufferStatus(IJ)I+0
j  org.lwjgl.opengl.GL30.glCheckFramebufferStatus(I)I+15
j  com.jme3.renderer.lwjgl.LwjglGLFboGL3.glCheckFramebufferStatusEXT(I)I+1
j  com.jme3.renderer.opengl.GLRenderer.checkFrameBufferError()V+7
j  com.jme3.renderer.opengl.GLRenderer.updateFrameBuffer(Lcom/jme3/texture/FrameBuffer;)V+141
J 5503 C2 com.jme3.renderer.opengl.GLRenderer.setFrameBuffer(Lcom/jme3/texture/FrameBuffer;)V (826 bytes) @ 0x00000000039dbd84 [0x00000000039db660+0x724]
J 5530 C2 com.jme3.post.FilterPostProcessor.renderFilterChain(Lcom/jme3/renderer/Renderer;Lcom/jme3/texture/FrameBuffer;)V (414 bytes) @ 0x00000000039ffb80 [0x00000000039ff300+0x880]
J 4557 C1 com.jme3.post.FilterPostProcessor.postFrame(Lcom/jme3/texture/FrameBuffer;)V (108 bytes) @ 0x0000000003766d14 [0x0000000003766980+0x394]
J 5295 C2 com.jme3.renderer.RenderManager.renderViewPort(Lcom/jme3/renderer/ViewPort;F)V (465 bytes) @ 0x0000000002c3ae3c [0x0000000002c395c0+0x187c]
J 5179 C1 com.jme3.renderer.RenderManager.render(FZ)V (229 bytes) @ 0x0000000002db666c [0x0000000002db5700+0xf6c]
J 5040 C1 com.jme3.app.SimpleApplication.update()V (235 bytes) @ 0x000000000290141c [0x00000000029006e0+0xd3c]
J 5039 C1 com.jme3.system.lwjgl.LwjglAbstractDisplay.runLoop()V (141 bytes) @ 0x0000000002bbae0c [0x0000000002bbaba0+0x26c]
J 5035 C1 com.jme3.system.lwjgl.LwjglDisplay.runLoop()V (108 bytes) @ 0x00000000039758b4 [0x0000000003972f80+0x2934]
j  com.jme3.system.lwjgl.LwjglAbstractDisplay.run()V+136
j  java.lang.Thread.run()V+11
v  ~StubRoutines::call_stub

---------------  P R O C E S S  ---------------

Java Threads: ( => current thread )
  0x000000001dd73000 JavaThread "jME3 Terrain Thread" daemon [_thread_blocked, id=9076, stack(0x00000000276a0000,0x00000000277a0000)]
  0x000000001dd72800 JavaThread "jME3 Terrain Thread" daemon [_thread_blocked, id=1792, stack(0x0000000027480000,0x0000000027580000)]
  0x000000001dd71800 JavaThread "jME3 Terrain Thread" daemon [_thread_blocked, id=8576, stack(0x0000000027330000,0x0000000027430000)]
  0x000000001dd71000 JavaThread "jME3 Terrain Thread" daemon [_thread_blocked, id=2168, stack(0x0000000027210000,0x0000000027310000)]
  0x000000001dd6e000 JavaThread "pool-2-thread-4" [_thread_blocked, id=1796, stack(0x0000000022820000,0x0000000022920000)]
  0x000000001dc44000 JavaThread "pool-2-thread-3" [_thread_blocked, id=5460, stack(0x00000000225c0000,0x00000000226c0000)]
  0x000000001dd2d000 JavaThread "pool-2-thread-2" [_thread_blocked, id=3496, stack(0x00000000223a0000,0x00000000224a0000)]
  0x000000001dd09800 JavaThread "pool-2-thread-1" [_thread_blocked, id=8764, stack(0x00000000221b0000,0x00000000222b0000)]
  0x000000001d91e800 JavaThread "com.jme3.network.kernel.udp.UdpConnector@19491d0d" daemon [_thread_in_native, id=2128, stack(0x00000000202a0000,0x00000000203a0000)]
  0x000000001d91e000 JavaThread "com.jme3.network.kernel.tcp.SocketConnector@23813618" daemon [_thread_in_native, id=9084, stack(0x0000000020030000,0x0000000020130000)]
  0x000000001d91d000 JavaThread "com.jme3.network.kernel.udp.UdpConnector@19491d0d-writer" [_thread_blocked, id=8684, stack(0x000000001fb50000,0x000000001fc50000)]
  0x000000001d913800 JavaThread "com.jme3.network.kernel.tcp.SocketConnector@23813618-writer" [_thread_blocked, id=6700, stack(0x000000001fda0000,0x000000001fea0000)]
  0x0000000019e85800 JavaThread "pool-1-thread-1" [_thread_blocked, id=8324, stack(0x000000001f820000,0x000000001f920000)]
  0x000000001d7f8800 JavaThread "Java2D Disposer" daemon [_thread_blocked, id=5552, stack(0x000000001f550000,0x000000001f650000)]
  0x0000000019b23000 JavaThread "jME3 Audio Decoder" daemon [_thread_blocked, id=9164, stack(0x000000001eec0000,0x000000001efc0000)]
  0x0000000002289000 JavaThread "DestroyJavaVM" [_thread_blocked, id=9172, stack(0x0000000002370000,0x0000000002470000)]
=>0x0000000017b8f800 JavaThread "jME3 Main" [_thread_in_native, id=7668, stack(0x0000000019f90000,0x000000001a090000)]
  0x00000000178e0000 JavaThread "Service Thread" daemon [_thread_blocked, id=5544, stack(0x0000000018ce0000,0x0000000018de0000)]
  0x000000001785c800 JavaThread "C1 CompilerThread3" daemon [_thread_blocked, id=4916, stack(0x0000000019550000,0x0000000019650000)]
  0x0000000017850800 JavaThread "C2 CompilerThread2" daemon [_thread_blocked, id=4832, stack(0x00000000193f0000,0x00000000194f0000)]
  0x000000001784b800 JavaThread "C2 CompilerThread1" daemon [_thread_blocked, id=2784, stack(0x0000000019210000,0x0000000019310000)]
  0x0000000017845000 JavaThread "C2 CompilerThread0" daemon [_thread_blocked, id=8064, stack(0x0000000019000000,0x0000000019100000)]
  0x0000000017841800 JavaThread "Attach Listener" daemon [_thread_blocked, id=8692, stack(0x0000000018a40000,0x0000000018b40000)]
  0x0000000017840800 JavaThread "Signal Dispatcher" daemon [_thread_blocked, id=9028, stack(0x0000000018df0000,0x0000000018ef0000)]
  0x0000000016792000 JavaThread "Finalizer" daemon [_thread_blocked, id=7100, stack(0x0000000018be0000,0x0000000018ce0000)]
  0x000000001678b800 JavaThread "Reference Handler" daemon [_thread_blocked, id=7380, stack(0x0000000018790000,0x0000000018890000)]

Other Threads:
  0x00000000177f3000 VMThread [stack: 0x0000000018910000,0x0000000018a10000] [id=6672]
  0x00000000178bd000 WatcherThread [stack: 0x0000000019650000,0x0000000019750000] [id=1436]

VM state:not at safepoint (normal execution)

VM Mutex/Monitor currently owned by a thread: None

Heap:
 PSYoungGen      total 106496K, used 78740K [0x00000000e0000000, 0x00000000e9b00000, 0x0000000100000000)
  eden space 96768K, 74% used [0x00000000e0000000,0x00000000e4650880,0x00000000e5e80000)
  from space 9728K, 69% used [0x00000000e5e80000,0x00000000e6514990,0x00000000e6800000)
  to   space 9728K, 0% used [0x00000000e9180000,0x00000000e9180000,0x00000000e9b00000)
 ParOldGen       total 53248K, used 12626K [0x00000000a0000000, 0x00000000a3400000, 0x00000000e0000000)
  object space 53248K, 23% used [0x00000000a0000000,0x00000000a0c54a00,0x00000000a3400000)
 Metaspace       used 25631K, capacity 26215K, committed 26544K, reserved 1073152K
  class space    used 2531K, capacity 2686K, committed 2736K, reserved 1048576K

Card table byte_map: [0x0000000011b00000,0x0000000011e10000] byte_map_base: 0x0000000011600000

Marking Bits: (ParMarkBitMap*) 0x0000000055ab4040
 Begin Bits: [0x0000000012aa0000, 0x00000000142a0000)
 End Bits:   [0x00000000142a0000, 0x0000000015aa0000)

Polling page: 0x0000000000130000

CodeCache: size=245760Kb used=17829Kb max_used=18979Kb free=227930Kb
 bounds [0x0000000002740000, 0x0000000003a20000, 0x0000000011740000]
 total_blobs=5541 nmethods=4695 adapters=759
 compilation: enabled

Compilation events (10 events):
Event: 16.925 Thread 0x000000001785c800 5599       1       com.jme3.collision.CollisionResult::setGeometry (6 bytes)
Event: 16.925 Thread 0x000000001785c800 nmethod 5599 0x000000000355d510 code [0x000000000355d660, 0x000000000355d790]
Event: 17.056 Thread 0x000000001785c800 5600       1       com.jme3.terrain.geomipmap.picking.BresenhamYUpGridTracer::setGridOrigin (6 bytes)
Event: 17.056 Thread 0x000000001785c800 nmethod 5600 0x000000000357c290 code [0x000000000357c3e0, 0x000000000357c510]
Event: 17.204 Thread 0x0000000017850800 5601       4       com.bulletphysics.collision.narrowphase.GjkEpaSolver$EPA::<init> (118 bytes)
Event: 17.212 Thread 0x0000000017850800 nmethod 5601 0x00000000033c5d90 code [0x00000000033c5f20, 0x00000000033c6538]
Event: 38.838 Thread 0x000000001784b800 5602 %     4       com.jme3.audio.openal.ALAudioRenderer::updateInDecoderThread @ 10 (197 bytes)
Event: 39.975 Thread 0x000000001784b800 nmethod 5602% 0x000000000339c150 code [0x000000000339c2e0, 0x000000000339c968]
Event: 45.251 Thread 0x0000000017850800 5603       4       com.jme3.audio.openal.ALAudioRenderer::updateInDecoderThread (197 bytes)
Event: 45.288 Thread 0x0000000017850800 nmethod 5603 0x0000000002b6bcd0 code [0x0000000002b6be60, 0x0000000002b6c4a8]

GC Heap History (10 events):
Event: 1.548 GC heap before
{Heap before GC invocations=4 (full 0):
 PSYoungGen      total 28672K, used 28640K [0x00000000e0000000, 0x00000000e3800000, 0x0000000100000000)
  eden space 24576K, 100% used [0x00000000e0000000,0x00000000e1800000,0x00000000e1800000)
  from space 4096K, 99% used [0x00000000e1800000,0x00000000e1bf83d0,0x00000000e1c00000)
  to   space 4096K, 0% used [0x00000000e3400000,0x00000000e3400000,0x00000000e3800000)
 ParOldGen       total 65536K, used 2461K [0x00000000a0000000, 0x00000000a4000000, 0x00000000e0000000)
  object space 65536K, 3% used [0x00000000a0000000,0x00000000a0267788,0x00000000a4000000)
 Metaspace       used 15554K, capacity 15829K, committed 16128K, reserved 1062912K
  class space    used 1620K, capacity 1711K, committed 1792K, reserved 1048576K
Event: 1.554 GC heap after
Heap after GC invocations=4 (full 0):
 PSYoungGen      total 53248K, used 4075K [0x00000000e0000000, 0x00000000e3800000, 0x0000000100000000)
  eden space 49152K, 0% used [0x00000000e0000000,0x00000000e0000000,0x00000000e3000000)
  from space 4096K, 99% used [0x00000000e3400000,0x00000000e37faf10,0x00000000e3800000)
  to   space 4096K, 0% used [0x00000000e3000000,0x00000000e3000000,0x00000000e3400000)
 ParOldGen       total 65536K, used 5286K [0x00000000a0000000, 0x00000000a4000000, 0x00000000e0000000)
  object space 65536K, 8% used [0x00000000a0000000,0x00000000a05298f0,0x00000000a4000000)
 Metaspace       used 15554K, capacity 15829K, committed 16128K, reserved 1062912K
  class space    used 1620K, capacity 1711K, committed 1792K, reserved 1048576K
}
Event: 1.731 GC heap before
{Heap before GC invocations=5 (full 0):
 PSYoungGen      total 53248K, used 53227K [0x00000000e0000000, 0x00000000e3800000, 0x0000000100000000)
  eden space 49152K, 100% used [0x00000000e0000000,0x00000000e3000000,0x00000000e3000000)
  from space 4096K, 99% used [0x00000000e3400000,0x00000000e37faf10,0x00000000e3800000)
  to   space 4096K, 0% used [0x00000000e3000000,0x00000000e3000000,0x00000000e3400000)
 ParOldGen       total 65536K, used 5286K [0x00000000a0000000, 0x00000000a4000000, 0x00000000e0000000)
  object space 65536K, 8% used [0x00000000a0000000,0x00000000a05298f0,0x00000000a4000000)
 Metaspace       used 16526K, capacity 16759K, committed 17024K, reserved 1064960K
  class space    used 1755K, capacity 1809K, committed 1920K, reserved 1048576K
Event: 1.737 GC heap after
Heap after GC invocations=5 (full 0):
 PSYoungGen      total 53248K, used 4093K [0x00000000e0000000, 0x00000000e7000000, 0x0000000100000000)
  eden space 49152K, 0% used [0x00000000e0000000,0x00000000e0000000,0x00000000e3000000)
  from space 4096K, 99% used [0x00000000e3000000,0x00000000e33ff7f0,0x00000000e3400000)
  to   space 8192K, 0% used [0x00000000e6800000,0x00000000e6800000,0x00000000e7000000)
 ParOldGen       total 65536K, used 8082K [0x00000000a0000000, 0x00000000a4000000, 0x00000000e0000000)
  object space 65536K, 12% used [0x00000000a0000000,0x00000000a07e4888,0x00000000a4000000)
 Metaspace       used 16526K, capacity 16759K, committed 17024K, reserved 1064960K
  class space    used 1755K, capacity 1809K, committed 1920K, reserved 1048576K
}
Event: 2.178 GC heap before
{Heap before GC invocations=6 (full 0):
 PSYoungGen      total 53248K, used 35433K [0x00000000e0000000, 0x00000000e7000000, 0x0000000100000000)
  eden space 49152K, 63% used [0x00000000e0000000,0x00000000e1e9ad78,0x00000000e3000000)
  from space 4096K, 99% used [0x00000000e3000000,0x00000000e33ff7f0,0x00000000e3400000)
  to   space 8192K, 0% used [0x00000000e6800000,0x00000000e6800000,0x00000000e7000000)
 ParOldGen       total 65536K, used 8082K [0x00000000a0000000, 0x00000000a4000000, 0x00000000e0000000)
  object space 65536K, 12% used [0x00000000a0000000,0x00000000a07e4888,0x00000000a4000000)
 Metaspace       used 20984K, capacity 21271K, committed 21296K, reserved 1069056K
  class space    used 2243K, capacity 2327K, committed 2352K, reserved 1048576K
Event: 2.184 GC heap after
Heap after GC invocations=6 (full 0):
 PSYoungGen      total 104960K, used 8184K [0x00000000e0000000, 0x00000000e7300000, 0x0000000100000000)
  eden space 96768K, 0% used [0x00000000e0000000,0x00000000e0000000,0x00000000e5e80000)
  from space 8192K, 99% used [0x00000000e6800000,0x00000000e6ffe1a8,0x00000000e7000000)
  to   space 9728K, 0% used [0x00000000e5e80000,0x00000000e5e80000,0x00000000e6800000)
 ParOldGen       total 65536K, used 9413K [0x00000000a0000000, 0x00000000a4000000, 0x00000000e0000000)
  object space 65536K, 14% used [0x00000000a0000000,0x00000000a0931688,0x00000000a4000000)
 Metaspace       used 20984K, capacity 21271K, committed 21296K, reserved 1069056K
  class space    used 2243K, capacity 2327K, committed 2352K, reserved 1048576K
}
Event: 2.184 GC heap before
{Heap before GC invocations=7 (full 1):
 PSYoungGen      total 104960K, used 8184K [0x00000000e0000000, 0x00000000e7300000, 0x0000000100000000)
  eden space 96768K, 0% used [0x00000000e0000000,0x00000000e0000000,0x00000000e5e80000)
  from space 8192K, 99% used [0x00000000e6800000,0x00000000e6ffe1a8,0x00000000e7000000)
  to   space 9728K, 0% used [0x00000000e5e80000,0x00000000e5e80000,0x00000000e6800000)
 ParOldGen       total 65536K, used 9413K [0x00000000a0000000, 0x00000000a4000000, 0x00000000e0000000)
  object space 65536K, 14% used [0x00000000a0000000,0x00000000a0931688,0x00000000a4000000)
 Metaspace       used 20984K, capacity 21271K, committed 21296K, reserved 1069056K
  class space    used 2243K, capacity 2327K, committed 2352K, reserved 1048576K
Event: 2.221 GC heap after
Heap after GC invocations=7 (full 1):
 PSYoungGen      total 104960K, used 0K [0x00000000e0000000, 0x00000000e7300000, 0x0000000100000000)
  eden space 96768K, 0% used [0x00000000e0000000,0x00000000e0000000,0x00000000e5e80000)
  from space 8192K, 0% used [0x00000000e6800000,0x00000000e6800000,0x00000000e7000000)
  to   space 9728K, 0% used [0x00000000e5e80000,0x00000000e5e80000,0x00000000e6800000)
 ParOldGen       total 53248K, used 12618K [0x00000000a0000000, 0x00000000a3400000, 0x00000000e0000000)
  object space 53248K, 23% used [0x00000000a0000000,0x00000000a0c52a00,0x00000000a3400000)
 Metaspace       used 20984K, capacity 21271K, committed 21296K, reserved 1069056K
  class space    used 2243K, capacity 2327K, committed 2352K, reserved 1048576K
}
Event: 7.954 GC heap before
{Heap before GC invocations=8 (full 1):
 PSYoungGen      total 104960K, used 96768K [0x00000000e0000000, 0x00000000e7300000, 0x0000000100000000)
  eden space 96768K, 100% used [0x00000000e0000000,0x00000000e5e80000,0x00000000e5e80000)
  from space 8192K, 0% used [0x00000000e6800000,0x00000000e6800000,0x00000000e7000000)
  to   space 9728K, 0% used [0x00000000e5e80000,0x00000000e5e80000,0x00000000e6800000)
 ParOldGen       total 53248K, used 12618K [0x00000000a0000000, 0x00000000a3400000, 0x00000000e0000000)
  object space 53248K, 23% used [0x00000000a0000000,0x00000000a0c52a00,0x00000000a3400000)
 Metaspace       used 25483K, capacity 26005K, committed 26288K, reserved 1073152K
  class space    used 2528K, capacity 2682K, committed 2736K, reserved 1048576K
Event: 7.961 GC heap after
Heap after GC invocations=8 (full 1):
 PSYoungGen      total 106496K, used 6738K [0x00000000e0000000, 0x00000000e9b00000, 0x0000000100000000)
  eden space 96768K, 0% used [0x00000000e0000000,0x00000000e0000000,0x00000000e5e80000)
  from space 9728K, 69% used [0x00000000e5e80000,0x00000000e6514990,0x00000000e6800000)
  to   space 9728K, 0% used [0x00000000e9180000,0x00000000e9180000,0x00000000e9b00000)
 ParOldGen       total 53248K, used 12626K [0x00000000a0000000, 0x00000000a3400000, 0x00000000e0000000)
  object space 53248K, 23% used [0x00000000a0000000,0x00000000a0c54a00,0x00000000a3400000)
 Metaspace       used 25483K, capacity 26005K, committed 26288K, reserved 1073152K
  class space    used 2528K, capacity 2682K, committed 2736K, reserved 1048576K
}

Deoptimization events (10 events):
Event: 12.599 Thread 0x0000000017b8f800 Uncommon trap: reason=unstable_if action=reinterpret pc=0x00000000038fd890 method=com.jme3.material.Material.setParam(Ljava/lang/String;Lcom/jme3/shader/VarType;Ljava/lang/Object;)V @ 35
Event: 12.599 Thread 0x0000000017b8f800 Uncommon trap: reason=unstable_if action=reinterpret pc=0x000000000296bc3c method=com.jme3.material.Material.getAdditionalRenderState()Lcom/jme3/material/RenderState; @ 4
Event: 12.599 Thread 0x0000000017b8f800 Uncommon trap: reason=unstable_if action=reinterpret pc=0x0000000003915a58 method=com.jme3.renderer.opengl.GLRenderer.setFrameBuffer(Lcom/jme3/texture/FrameBuffer;)V @ 356
Event: 12.599 Thread 0x0000000017b8f800 Uncommon trap: reason=unstable_if action=reinterpret pc=0x0000000003724c20 method=com.jme3.renderer.lwjgl.LwjglGL.checkLimit(Ljava/nio/Buffer;)V @ 1
Event: 12.600 Thread 0x0000000017b8f800 Uncommon trap: reason=null_check action=make_not_entrant pc=0x0000000002c1e700 method=com.jme3.shader.DefineList.equalsParams(Lcom/jme3/util/ListMap;Lcom/jme3/material/TechniqueDef;)Z @ 101
Event: 13.711 Thread 0x0000000017b8f800 Uncommon trap: reason=class_check action=maybe_recompile pc=0x0000000002d17168 method=com.simsilica.lemur.core.VersionedReference.update()Z @ 24
Event: 13.711 Thread 0x0000000017b8f800 Uncommon trap: reason=class_check action=maybe_recompile pc=0x000000000395eb58 method=com.simsilica.lemur.core.VersionedReference.update()Z @ 24
Event: 13.787 Thread 0x0000000017b8f800 Uncommon trap: reason=class_check action=maybe_recompile pc=0x0000000002d17168 method=com.simsilica.lemur.core.VersionedReference.update()Z @ 24
Event: 13.955 Thread 0x0000000017b8f800 Uncommon trap: reason=class_check action=maybe_recompile pc=0x000000000395d850 method=com.simsilica.lemur.core.VersionedReference.update()Z @ 24
Event: 13.955 Thread 0x0000000017b8f800 Uncommon trap: reason=unstable_if action=reinterpret pc=0x0000000002c1a6a4 method=com.jme3.font.LetterQuad.isInvalid(Lcom/jme3/font/StringBlock;F)Z @ 74

Internal exceptions (10 events):
Event: 12.489 Thread 0x0000000017b8f800 Exception <a 'java/lang/ClassNotFoundException': com/jme3/scene/SpatialCustomizer> (0x00000000e220ac20) thrown at [C:\re\workspace\8-2-build-windows-amd64-cygwin\jdk8u51\3951\hotspot\src\share\vm\classfile\systemDictionary.cpp, line 210]
Event: 12.491 Thread 0x0000000017b8f800 Exception <a 'java/lang/ClassNotFoundException': com/jme3/scene/NodeCustomizer> (0x00000000e2255460) thrown at [C:\re\workspace\8-2-build-windows-amd64-cygwin\jdk8u51\3951\hotspot\src\share\vm\classfile\systemDictionary.cpp, line 210]
Event: 12.492 Thread 0x0000000017b8f800 Exception <a 'java/lang/ClassNotFoundException': com/simsilica/lemur/PanelCustomizer> (0x00000000e22815a0) thrown at [C:\re\workspace\8-2-build-windows-amd64-cygwin\jdk8u51\3951\hotspot\src\share\vm\classfile\systemDictionary.cpp, line 210]
Event: 12.494 Thread 0x0000000017b8f800 Exception <a 'java/lang/ClassNotFoundException': com/simsilica/lemur/LabelCustomizer> (0x00000000e22aa218) thrown at [C:\re\workspace\8-2-build-windows-amd64-cygwin\jdk8u51\3951\hotspot\src\share\vm\classfile\systemDictionary.cpp, line 210]
Event: 12.495 Thread 0x0000000017b8f800 Exception <a 'java/lang/ClassNotFoundException': com/simsilica/lemur/ButtonCustomizer> (0x00000000e2348198) thrown at [C:\re\workspace\8-2-build-windows-amd64-cygwin\jdk8u51\3951\hotspot\src\share\vm\classfile\systemDictionary.cpp, line 210]
Event: 12.597 Thread 0x0000000017b8f800 Implicit null exception at 0x00000000028828e6 to 0x0000000002882ddd
Event: 12.599 Thread 0x0000000017b8f800 Implicit null exception at 0x00000000038fd43b to 0x00000000038fd875
Event: 12.599 Thread 0x0000000017b8f800 Implicit null exception at 0x000000000296b231 to 0x000000000296bc31
Event: 12.599 Thread 0x0000000017b8f800 Implicit null exception at 0x0000000003724bcc to 0x0000000003724c11
Event: 12.600 Thread 0x0000000017b8f800 Implicit null exception at 0x0000000002c1c8c8 to 0x0000000002c1e6b9

Events (10 events):
Event: 16.334 Thread 0x000000001784b800 flushing nmethod 0x00000000037155d0
Event: 16.486 Thread 0x000000001785c800 flushing nmethod 0x000000000385cdd0
Event: 16.486 Thread 0x000000001785c800 flushing nmethod 0x00000000038cd410
Event: 16.486 Thread 0x000000001785c800 flushing nmethod 0x00000000038df6d0
Event: 16.486 Thread 0x000000001785c800 flushing nmethod 0x00000000038f9a50
Event: 16.486 Thread 0x000000001785c800 flushing nmethod 0x0000000003903510
Event: 16.486 Thread 0x000000001785c800 flushing nmethod 0x0000000003909450
Event: 16.486 Thread 0x000000001785c800 flushing nmethod 0x0000000003933a10
Event: 45.256 Thread 0x0000000019b23000 DEOPT PACKING pc=0x00000000028a379c sp=0x000000001efbf1b0
Event: 45.279 Thread 0x0000000019b23000 DEOPT UNPACKING pc=0x000000000278747f sp=0x000000001efbef38 mode 0


Dynamic libraries:
0x000000013ff60000 - 0x000000013ff97000 	C:\Program Files\jmonkeyplatform31\jdk\bin\java.exe
0x0000000077430000 - 0x00000000775d9000 	C:\Windows\SYSTEM32\ntdll.dll
0x0000000077210000 - 0x000000007732f000 	C:\Windows\system32\kernel32.dll
0x000007fefd2d0000 - 0x000007fefd33c000 	C:\Windows\system32\KERNELBASE.dll
0x000007feff160000 - 0x000007feff23b000 	C:\Windows\system32\ADVAPI32.dll
0x000007fefda30000 - 0x000007fefdacf000 	C:\Windows\system32\msvcrt.dll
0x000007fefea60000 - 0x000007fefea7f000 	C:\Windows\SYSTEM32\sechost.dll
0x000007fefdad0000 - 0x000007fefdbfd000 	C:\Windows\system32\RPCRT4.dll
0x0000000077330000 - 0x000000007742a000 	C:\Windows\system32\USER32.dll
0x000007feff0f0000 - 0x000007feff157000 	C:\Windows\system32\GDI32.dll
0x000007feff0e0000 - 0x000007feff0ee000 	C:\Windows\system32\LPK.dll
0x000007fefdc00000 - 0x000007fefdcc9000 	C:\Windows\system32\USP10.dll
0x000007fefbdc0000 - 0x000007fefbfb4000 	C:\Windows\WinSxS\amd64_microsoft.windows.common-controls_6595b64144ccf1df_6.0.7601.17514_none_fa396087175ac9ac\COMCTL32.dll
0x000007feff560000 - 0x000007feff5d1000 	C:\Windows\system32\SHLWAPI.dll
0x000007feff050000 - 0x000007feff07e000 	C:\Windows\system32\IMM32.DLL
0x000007fefd660000 - 0x000007fefd769000 	C:\Windows\system32\MSCTF.dll
0x00000000584e0000 - 0x00000000585b2000 	C:\Program Files\jmonkeyplatform31\jdk\jre\bin\msvcr100.dll
0x00000000552b0000 - 0x0000000055b33000 	C:\Program Files\jmonkeyplatform31\jdk\jre\bin\server\jvm.dll
0x000007fef6080000 - 0x000007fef6089000 	C:\Windows\system32\WSOCK32.dll
0x000007fefed50000 - 0x000007fefed9d000 	C:\Windows\system32\WS2_32.dll
0x000007feff4d0000 - 0x000007feff4d8000 	C:\Windows\system32\NSI.dll
0x000007fefad80000 - 0x000007fefadbb000 	C:\Windows\system32\WINMM.dll
0x000007fefc320000 - 0x000007fefc32c000 	C:\Windows\system32\VERSION.dll
0x0000000077600000 - 0x0000000077607000 	C:\Windows\system32\PSAPI.DLL
0x0000000073300000 - 0x000000007330f000 	C:\Program Files\jmonkeyplatform31\jdk\jre\bin\verify.dll
0x0000000058e50000 - 0x0000000058e79000 	C:\Program Files\jmonkeyplatform31\jdk\jre\bin\java.dll
0x000000006f7a0000 - 0x000000006f7b6000 	C:\Program Files\jmonkeyplatform31\jdk\jre\bin\zip.dll
0x000007fefdcd0000 - 0x000007fefea58000 	C:\Windows\system32\SHELL32.dll
0x000007fefeda0000 - 0x000007fefefa3000 	C:\Windows\system32\ole32.dll
0x000007fefd210000 - 0x000007fefd21f000 	C:\Windows\system32\profapi.dll
0x0000000180000000 - 0x0000000180064000 	C:\proyectos\work\monkey\Pleikestolen\OpenAL64.dll
0x00000000003e0000 - 0x0000000000433000 	C:\proyectos\work\monkey\Pleikestolen\lwjgl64.dll
0x000007fee8770000 - 0x000007fee888d000 	C:\Windows\system32\OPENGL32.dll
0x000007fefb310000 - 0x000007fefb33d000 	C:\Windows\system32\GLU32.dll
0x000007fedfce0000 - 0x000007fedfdd1000 	C:\Windows\system32\DDRAW.dll
0x000007fefb380000 - 0x000007fefb388000 	C:\Windows\system32\DCIMAN32.dll
0x000007fefd770000 - 0x000007fefd947000 	C:\Windows\system32\SETUPAPI.dll
0x000007fefd5d0000 - 0x000007fefd606000 	C:\Windows\system32\CFGMGR32.dll
0x000007fefd950000 - 0x000007fefda27000 	C:\Windows\system32\OLEAUT32.dll
0x000007fefd610000 - 0x000007fefd62a000 	C:\Windows\system32\DEVOBJ.dll
0x000007fefc2b0000 - 0x000007fefc2c8000 	C:\Windows\system32\dwmapi.dll
0x000007fefbbe0000 - 0x000007fefbc36000 	C:\Windows\system32\uxtheme.dll
0x0000000001df0000 - 0x0000000001e0b000 	C:\Program Files (x86)\Common Files\Portrait Displays\Plugins\DP\msgHook64.dll
0x000007fefb060000 - 0x000007fefb078000 	C:\Windows\system32\atig6pxx.dll
0x00000000523d0000 - 0x00000000541cd000 	C:\Windows\system32\atio6axx.dll
0x000007fee9b20000 - 0x000007fee9c61000 	C:\Windows\system32\atiadlxx.dll
0x000007fefbc40000 - 0x000007fefbd6c000 	C:\Windows\system32\PROPSYS.dll
0x000007fefc4f0000 - 0x000007fefc50e000 	C:\Windows\system32\USERENV.dll
0x000007fefc300000 - 0x000007fefc311000 	C:\Windows\system32\WTSAPI32.dll
0x000007fefa4a0000 - 0x000007fefa4c7000 	C:\Windows\system32\IPHLPAPI.DLL
0x000007fefa490000 - 0x000007fefa49b000 	C:\Windows\system32\WINNSI.DLL
0x000007fefd350000 - 0x000007fefd38a000 	C:\Windows\system32\WINTRUST.dll
0x000007fefd3c0000 - 0x000007fefd527000 	C:\Windows\system32\CRYPT32.dll
0x000007fefd2b0000 - 0x000007fefd2bf000 	C:\Windows\system32\MSASN1.dll
0x000007fef4b50000 - 0x000007fef4b7c000 	C:\Windows\system32\atig6txx.dll
0x000007fefd140000 - 0x000007fefd14f000 	C:\Windows\system32\CRYPTBASE.dll
0x000007fee2f50000 - 0x000007fee2fec000 	C:\Windows\system32\mscms.dll
0x000007fee2eb0000 - 0x000007fee2ef2000 	C:\Windows\system32\icm32.dll
0x0000000058c70000 - 0x0000000058e08000 	C:\Program Files\jmonkeyplatform31\jdk\jre\bin\awt.dll
0x000007fefecb0000 - 0x000007fefed49000 	C:\Windows\system32\CLBCatQ.DLL
0x000007fefb630000 - 0x000007fefb67b000 	C:\Windows\System32\MMDevApi.dll
0x000007fef2da0000 - 0x000007fef2e28000 	C:\Windows\system32\dsound.dll
0x000007fefc2d0000 - 0x000007fefc2fc000 	C:\Windows\system32\POWRPROF.dll
0x000007fefacf0000 - 0x000007fefad3f000 	C:\Windows\system32\AUDIOSES.DLL
0x0000000058e30000 - 0x0000000058e4a000 	C:\Program Files\jmonkeyplatform31\jdk\jre\bin\net.dll
0x000007fefca60000 - 0x000007fefcab5000 	C:\Windows\system32\mswsock.dll
0x000007fefcad0000 - 0x000007fefcad7000 	C:\Windows\System32\wship6.dll
0x000007fefc6a0000 - 0x000007fefc6a7000 	C:\Windows\System32\wshtcpip.dll
0x000007fefc8f0000 - 0x000007fefc94b000 	C:\Windows\system32\DNSAPI.dll
0x000007fef6ba0000 - 0x000007fef6bcf000 	C:\Program Files\Common Files\Microsoft Shared\Windows Live\WLIDNSP.DLL
0x000007fef6b90000 - 0x000007fef6b98000 	C:\Windows\system32\rasadhlp.dll
0x000007fefa2d0000 - 0x000007fefa323000 	C:\Windows\System32\fwpuclnt.dll
0x0000000058a00000 - 0x0000000058a31000 	C:\Program Files\jmonkeyplatform31\jdk\jre\bin\jpeg.dll
0x00000000589c0000 - 0x00000000589fd000 	C:\Program Files\jmonkeyplatform31\jdk\jre\bin\lcms.dll
0x000007fef5760000 - 0x000007fef5885000 	C:\Windows\system32\dbghelp.dll

VM Arguments:
jvm_args: -Dfile.encoding=UTF-8 
java_command: com.preikestolen.Game
java_class_path (initial): C:\Program Files\jmonkeyplatform31\jmonkeyplatform\libs\jme3-jogg-3.1.0-alpha1.jar;C:\Program Files\jmonkeyplatform31\jmonkeyplatform\libs\j-ogg-all-1.0.0.jar;C:\Program Files\jmonkeyplatform31\jmonkeyplatform\libs\jme3-blender-3.1.0-alpha1.jar;C:\Program Files\jmonkeyplatform31\jmonkeyplatform\libs\core-0.27.jar;C:\Program Files\jmonkeyplatform31\jmonkeyplatform\libs\dense64-0.27.jar;C:\Program Files\jmonkeyplatform31\jmonkeyplatform\libs\simple-0.27.jar;C:\Program Files\jmonkeyplatform31\jmonkeyplatform\libs\denseC64-0.27.jar;C:\Program Files\jmonkeyplatform31\jmonkeyplatform\libs\jme3-networking-3.1.0-alpha1.jar;C:\Program Files\jmonkeyplatform31\jmonkeyplatform\libs\jme3-plugins-3.1.0-alpha1.jar;C:\Program Files\jmonkeyplatform31\jmonkeyplatform\libs\jme3-core-3.1.0-alpha1.jar;C:\Program Files\jmonkeyplatform31\jmonkeyplatform\libs\jme3-desktop-3.1.0-alpha1.jar;C:\Program Files\jmonkeyplatform31\jmonkeyplatform\libs\jme3-lwjgl-3.1.0-alpha1.jar;C:\Program Files\jmonkeyplatform31\jmonkeyplatform\libs\lwjgl-2.9.3.jar;C:\Program Files\jmonkeyplatform31\jmonkeyplatform\libs\lwjgl-platform-2.9.3-natives-windows.jar;C:\Program Files\jmonkeyplatform31\jmonkeyplatform\libs\lwjgl-platform-2.9.3-natives-linux.jar;C:\Program Files\jmonkeyplatform31\jmonkeyplatform\libs\lwjgl-platform-2.9.3-natives-osx.jar;C:\Program Files\jmonkeyplatform31\jmonkeyplatform\libs\jinput-2.0.5.jar;C:\Program Files\jmonkeyplatform31\jmonkeyplatform\libs\jutils-1.0.0.jar;C:\Program Files\jmonkeyplatform31\jmonkeyplatform\libs\jinput-platform-2.0.5-natives-linux.jar;C:\Program Files\jmonkeyplatform31\jmonkeyplatform\libs\jinput-platform-2.0.5-natives-windows.jar;C:\Program Files\jmonkeyplatform31\jmonkeyplatform\libs\jinput-platform-2.0.5-natives-osx.jar;C:\Program Files\jmonkeyplatform31\jmonkeyplatform\libs\jme3-niftygui-3.1.0-alpha1.jar;C:\Program Files\jmonkeyplatform31\jmonkeyplatform\libs\nifty-1.4.1.jar;C:\Program Files\jmonkeyplatform31\jmonkeyplatform\libs\nif
Launcher Type: SUN_STANDARD

Environment Variables:
JAVA_HOME=C:\Program Files\Java\jdk1.7.0_11\bin
PATH=C:\ProgramData\Oracle\Java\javapath;C:\Program Files\Common Files\Microsoft Shared\Windows Live;C:\Program Files (x86)\Common Files\Microsoft Shared\Windows Live;C:\Windows\system32;C:\Windows;C:\Windows\System32\Wbem;C:\Windows\System32\WindowsPowerShell\v1.0\;C:\Program Files\Calibre2\;C:\Program Files (x86)\Windows Live\Shared;C:\Program Files (x86)\ATI Technologies\ATI.ACE\Core-Static;C:\GitStack\python;C:\GitStack\python\Scripts;C:\GitStack\php;C:\GitStack\git\cmd;C:\GitStack\git\bin;C:\Program Files (x86)\Jahshaka\..\gtk2\bin;C:\Program Files (x86)\Jahshaka\..\mlt\bin;C:\Program Files (x86)\OpenLibraries\bin;E:\havok\AnarchySDK\Bin\win32_vs2010_anarchy\dev_dll\DX9;C:\Program Files\Microsoft SQL Server\110\Tools\Binn\;C:\Program Files\TortoiseSVN\bin;C:\Program Files\Java\jdk1.7.0_11\bin;C:\Program Files (x86)\Skype\Phone\;C:\Program Files (x86)\AMD\ATI.ACE\Core-Static;C:\Program Files (x86)\IDM Computer Solutions\UltraEdit\
USERNAME=Edu
OS=Windows_NT
PROCESSOR_IDENTIFIER=Intel64 Family 6 Model 26 Stepping 5, GenuineIntel



---------------  S Y S T E M  ---------------

OS: Windows 7 , 64 bit Build 7601 (6.1.7601.17932)

CPU:total 8 (4 cores per cpu, 2 threads per core) family 6 model 26 stepping 5, cmov, cx8, fxsr, mmx, sse, sse2, sse3, ssse3, sse4.1, sse4.2, popcnt, ht, tsc, tscinvbit, tscinv

Memory: 4k page, physical 6289904k(37612k free), swap 12577956k(1760852k free)

vm_info: Java HotSpot(TM) 64-Bit Server VM (25.51-b03) for windows-amd64 JRE (1.8.0_51-b16), built on Jun  8 2015 18:03:07 by "java_re" with MS VC++ 10.0 (VS2010)

time: Thu Sep 10 22:06:57 2015
elapsed time: 46 seconds (0d 0h 0m 46s)

